# JRE version: OpenJDK Runtime Environment (17.0.6) (build 17.0.6+0-b2043.56-10027231)
# Java VM: OpenJDK 64-Bit Server VM (17.0.6+0-b2043.56-10027231, mixed mode, tiered, compressed oops, compressed class ptrs, g1 gc, windows-amd64)
GC Precious Log:
 CPUs: 8 total, 8 available
 Memory: 6080M
 Large Page Support: Disabled
 NUMA Support: Disabled
 Compressed Oops: Enabled (32-bit)
 Heap Region Size: 1M
 Heap Min Capacity: 8M
 Heap Initial Capacity: 96M
 Heap Max Capacity: 2G
 Pre-touch: Disabled
 Parallel Workers: 8
 Concurrent Workers: 2
 Concurrent Refinement Workers: 8
 Periodic GC: Disabled
Heap:
 garbage-first heap   total 348160K, used 222930K [0x0000000080000000, 0x0000000100000000)
  region size 1024K, 126 young (129024K), 5 survivors (5120K)
 Metaspace       used 114375K, committed 115072K, reserved 1155072K
  class space    used 15348K, committed 15680K, reserved 1048576K
GC Heap History (20 events):
Event: 23.273 GC heap before
{Heap before GC invocations=42 (full 0):
 garbage-first heap   total 167936K, used 131203K [0x0000000080000000, 0x0000000100000000)
  region size 1024K, 71 young (72704K), 10 survivors (10240K)
 Metaspace       used 95387K, committed 96064K, reserved 1138688K
  class space    used 13111K, committed 13440K, reserved 1048576K
}
Event: 23.290 GC heap after
{Heap after GC invocations=43 (full 0):
 garbage-first heap   total 167936K, used 76448K [0x0000000080000000, 0x0000000100000000)
  region size 1024K, 8 young (8192K), 8 survivors (8192K)
 Metaspace       used 95387K, committed 96064K, reserved 1138688K
  class space    used 13111K, committed 13440K, reserved 1048576K
}
Event: 23.733 GC heap before
{Heap before GC invocations=43 (full 0):
 garbage-first heap   total 167936K, used 102048K [0x0000000080000000, 0x0000000100000000)
  region size 1024K, 35 young (35840K), 8 survivors (8192K)
 Metaspace       used 95805K, committed 96512K, reserved 1138688K
  class space    used 13157K, committed 13504K, reserved 1048576K
}
Event: 23.741 GC heap after
{Heap after GC invocations=44 (full 0):
 garbage-first heap   total 167936K, used 79608K [0x0000000080000000, 0x0000000100000000)
  region size 1024K, 3 young (3072K), 3 survivors (3072K)
 Metaspace       used 95805K, committed 96512K, reserved 1138688K
  class space    used 13157K, committed 13504K, reserved 1048576K
}
Event: 24.717 GC heap before
{Heap before GC invocations=45 (full 0):
 garbage-first heap   total 167936K, used 134904K [0x0000000080000000, 0x0000000100000000)
  region size 1024K, 55 young (56320K), 3 survivors (3072K)
 Metaspace       used 99736K, committed 100352K, reserved 1138688K
  class space    used 13593K, committed 13888K, reserved 1048576K
}
Event: 24.731 GC heap after
{Heap after GC invocations=46 (full 0):
 garbage-first heap   total 167936K, used 98103K [0x0000000080000000, 0x0000000100000000)
  region size 1024K, 7 young (7168K), 7 survivors (7168K)
 Metaspace       used 99736K, committed 100352K, reserved 1138688K
  class space    used 13593K, committed 13888K, reserved 1048576K
}
Event: 24.746 GC heap before
{Heap before GC invocations=46 (full 0):
 garbage-first heap   total 167936K, used 99127K [0x0000000080000000, 0x0000000100000000)
  region size 1024K, 8 young (8192K), 7 survivors (7168K)
 Metaspace       used 99739K, committed 100352K, reserved 1138688K
  class space    used 13593K, committed 13888K, reserved 1048576K
}
Event: 24.754 GC heap after
{Heap after GC invocations=47 (full 0):
 garbage-first heap   total 167936K, used 100593K [0x0000000080000000, 0x0000000100000000)
  region size 1024K, 1 young (1024K), 1 survivors (1024K)
 Metaspace       used 99739K, committed 100352K, reserved 1138688K
  class space    used 13593K, committed 13888K, reserved 1048576K
}
Event: 25.395 GC heap before
{Heap before GC invocations=47 (full 0):
 garbage-first heap   total 167936K, used 145649K [0x0000000080000000, 0x0000000100000000)
  region size 1024K, 29 young (29696K), 1 survivors (1024K)
 Metaspace       used 102360K, committed 103104K, reserved 1138688K
  class space    used 13871K, committed 14208K, reserved 1048576K
}
Event: 25.402 GC heap after
{Heap after GC invocations=48 (full 0):
 garbage-first heap   total 167936K, used 105077K [0x0000000080000000, 0x0000000100000000)
  region size 1024K, 4 young (4096K), 4 survivors (4096K)
 Metaspace       used 102360K, committed 103104K, reserved 1138688K
  class space    used 13871K, committed 14208K, reserved 1048576K
}
Event: 25.855 GC heap before
{Heap before GC invocations=48 (full 0):
 garbage-first heap   total 167936K, used 130677K [0x0000000080000000, 0x0000000100000000)
  region size 1024K, 30 young (30720K), 4 survivors (4096K)
 Metaspace       used 102715K, committed 103360K, reserved 1138688K
  class space    used 13892K, committed 14208K, reserved 1048576K
}
Event: 25.860 GC heap after
{Heap after GC invocations=49 (full 0):
 garbage-first heap   total 167936K, used 107463K [0x0000000080000000, 0x0000000100000000)
  region size 1024K, 3 young (3072K), 3 survivors (3072K)
 Metaspace       used 102715K, committed 103360K, reserved 1138688K
  class space    used 13892K, committed 14208K, reserved 1048576K
}
Event: 26.345 GC heap before
{Heap before GC invocations=49 (full 0):
 garbage-first heap   total 167936K, used 133063K [0x0000000080000000, 0x0000000100000000)
  region size 1024K, 29 young (29696K), 3 survivors (3072K)
 Metaspace       used 103372K, committed 104064K, reserved 1146880K
  class space    used 13958K, committed 14272K, reserved 1048576K
}
Event: 26.350 GC heap after
{Heap after GC invocations=50 (full 0):
 garbage-first heap   total 167936K, used 110043K [0x0000000080000000, 0x0000000100000000)
  region size 1024K, 4 young (4096K), 4 survivors (4096K)
 Metaspace       used 103372K, committed 104064K, reserved 1146880K
  class space    used 13958K, committed 14272K, reserved 1048576K
}
Event: 26.867 GC heap before
{Heap before GC invocations=51 (full 0):
 garbage-first heap   total 174080K, used 124379K [0x0000000080000000, 0x0000000100000000)
  region size 1024K, 30 young (30720K), 4 survivors (4096K)
 Metaspace       used 103902K, committed 104576K, reserved 1146880K
  class space    used 14015K, committed 14336K, reserved 1048576K
}
Event: 26.873 GC heap after
{Heap after GC invocations=52 (full 0):
 garbage-first heap   total 174080K, used 101417K [0x0000000080000000, 0x0000000100000000)
  region size 1024K, 3 young (3072K), 3 survivors (3072K)
 Metaspace       used 103902K, committed 104576K, reserved 1146880K
  class space    used 14015K, committed 14336K, reserved 1048576K
}
Event: 26.970 GC heap before
{Heap before GC invocations=52 (full 0):
 garbage-first heap   total 174080K, used 105513K [0x0000000080000000, 0x0000000100000000)
  region size 1024K, 8 young (8192K), 3 survivors (3072K)
 Metaspace       used 103904K, committed 104576K, reserved 1146880K
  class space    used 14015K, committed 14336K, reserved 1048576K
}
Event: 26.974 GC heap after
{Heap after GC invocations=53 (full 0):
 garbage-first heap   total 174080K, used 93429K [0x0000000080000000, 0x0000000100000000)
  region size 1024K, 1 young (1024K), 1 survivors (1024K)
 Metaspace       used 103904K, committed 104576K, reserved 1146880K
  class space    used 14015K, committed 14336K, reserved 1048576K
}
Event: 29.659 GC heap before
{Heap before GC invocations=53 (full 0):
 garbage-first heap   total 174080K, used 132341K [0x0000000080000000, 0x0000000100000000)
  region size 1024K, 40 young (40960K), 1 survivors (1024K)
 Metaspace       used 104368K, committed 105024K, reserved 1146880K
  class space    used 14066K, committed 14400K, reserved 1048576K
}
Event: 29.670 GC heap after
{Heap after GC invocations=54 (full 0):
 garbage-first heap   total 348160K, used 99026K [0x0000000080000000, 0x0000000100000000)
  region size 1024K, 5 young (5120K), 5 survivors (5120K)
 Metaspace       used 104368K, committed 105024K, reserved 1146880K
  class space    used 14066K, committed 14400K, reserved 1048576K
}

